0 info it worked if it ends with ok
1 verbose cli [ 'D:\\Program Files\\nodeJS\\node.exe',
1 verbose cli   'D:\\Program Files\\nodeJS\\node_modules\\npm\\bin\\npm-cli.js',
1 verbose cli   'install',
1 verbose cli   '-g',
1 verbose cli   'node' ]
2 info using npm@2.15.8
3 info using node@v4.4.7
4 verbose install initial load of D:\Users\Chester\AppData\Roaming\npm\package.json
5 verbose readDependencies loading dependencies from D:\Users\Chester\AppData\Roaming\npm\package.json
6 silly cache add args [ 'node', null ]
7 verbose cache add spec node
8 silly cache add parsed spec Result {
8 silly cache add   raw: 'node',
8 silly cache add   scope: null,
8 silly cache add   name: 'node',
8 silly cache add   rawSpec: '',
8 silly cache add   spec: 'latest',
8 silly cache add   type: 'tag' }
9 silly addNamed node@latest
10 verbose addNamed "latest" is being treated as a dist-tag for node
11 info addNameTag [ 'node', 'latest' ]
12 silly mapToRegistry name node
13 silly mapToRegistry using default registry
14 silly mapToRegistry registry https://registry.npmjs.org/
15 silly mapToRegistry data Result {
15 silly mapToRegistry   raw: 'node',
15 silly mapToRegistry   scope: null,
15 silly mapToRegistry   name: 'node',
15 silly mapToRegistry   rawSpec: '',
15 silly mapToRegistry   spec: 'latest',
15 silly mapToRegistry   type: 'tag' }
16 silly mapToRegistry uri https://registry.npmjs.org/node
17 verbose addNameTag registry:https://registry.npmjs.org/node not in flight; fetching
18 verbose request uri https://registry.npmjs.org/node
19 verbose request no auth needed
20 info attempt registry request try #1 at 10:48:56 PM
21 verbose request id 812c7b5a55d072e1
22 verbose etag W/"59cd741e-4e34a"
23 verbose lastModified Thu, 28 Sep 2017 22:13:50 GMT
24 http request GET https://registry.npmjs.org/node
25 http 304 https://registry.npmjs.org/node
26 verbose headers { date: 'Sun, 01 Oct 2017 09:48:54 GMT',
26 verbose headers   via: '1.1 varnish',
26 verbose headers   'cache-control': 'max-age=300',
26 verbose headers   etag: 'W/"59cd741e-4e34a"',
26 verbose headers   age: '46',
26 verbose headers   connection: 'keep-alive',
26 verbose headers   'x-served-by': 'cache-akl1422-AKL',
26 verbose headers   'x-cache': 'HIT',
26 verbose headers   'x-cache-hits': '1',
26 verbose headers   'x-timer': 'S1506851335.631144,VS0,VE0',
26 verbose headers   vary: 'Accept-Encoding, Accept' }
27 silly get cb [ 304,
27 silly get   { date: 'Sun, 01 Oct 2017 09:48:54 GMT',
27 silly get     via: '1.1 varnish',
27 silly get     'cache-control': 'max-age=300',
27 silly get     etag: 'W/"59cd741e-4e34a"',
27 silly get     age: '46',
27 silly get     connection: 'keep-alive',
27 silly get     'x-served-by': 'cache-akl1422-AKL',
27 silly get     'x-cache': 'HIT',
27 silly get     'x-cache-hits': '1',
27 silly get     'x-timer': 'S1506851335.631144,VS0,VE0',
27 silly get     vary: 'Accept-Encoding, Accept' } ]
28 verbose etag https://registry.npmjs.org/node from cache
29 verbose get saving node to D:\Users\Chester\AppData\Roaming\npm-cache\registry.npmjs.org\node\.cache.json
30 verbose correctMkdir D:\Users\Chester\AppData\Roaming\npm-cache correctMkdir not in flight; initializing
31 silly addNameTag next cb for node with tag latest
32 silly addNamed node@8.3.0
33 verbose addNamed "8.3.0" is a plain semver version for node
34 silly cache afterAdd node@8.3.0
35 verbose afterAdd D:\Users\Chester\AppData\Roaming\npm-cache\node\8.3.0\package\package.json not in flight; writing
36 verbose correctMkdir D:\Users\Chester\AppData\Roaming\npm-cache correctMkdir not in flight; initializing
37 verbose afterAdd D:\Users\Chester\AppData\Roaming\npm-cache\node\8.3.0\package\package.json written
38 silly install resolved [ { name: 'node',
38 silly install resolved     version: '8.3.0',
38 silly install resolved     description: 'node',
38 silly install resolved     main: 'index.js',
38 silly install resolved     keywords: [ 'runtime' ],
38 silly install resolved     scripts: { preinstall: 'node installArchSpecificPackage' },
38 silly install resolved     bin: { node: 'bin/node' },
38 silly install resolved     dependencies: { 'node-bin-setup': '^1.0.0' },
38 silly install resolved     license: 'ISC',
38 silly install resolved     author: '',
38 silly install resolved     engines: { npm: '>=5.0.0' },
38 silly install resolved     _id: 'node@8.3.0',
38 silly install resolved     _npmVersion: '5.3.0',
38 silly install resolved     _nodeVersion: '8.2.1',
38 silly install resolved     _npmUser: { name: 'aredridel', email: 'aredridel@dinhe.net' },
38 silly install resolved     dist:
38 silly install resolved      { integrity: 'sha512-RU3iQgXeDBU45dv6BrfDrgTyUjJk1yorN64l0sce+E+2pZzFbRbBicPMBD/hWjo0GSMnA5a+RwFtWwHNDlojaw==',
38 silly install resolved        shasum: '478e84ffcc4be39938306ace1c4613c8231e5f44',
38 silly install resolved        tarball: 'https://registry.npmjs.org/node/-/node-8.3.0.tgz' },
38 silly install resolved     maintainers: [ [Object], [Object] ],
38 silly install resolved     _npmOperationalInternal:
38 silly install resolved      { host: 's3://npm-registry-packages',
38 silly install resolved        tmp: 'tmp/node-8.3.0.tgz_1502462775610_0.9039400962647051' },
38 silly install resolved     directories: {},
38 silly install resolved     _shasum: '478e84ffcc4be39938306ace1c4613c8231e5f44',
38 silly install resolved     _resolved: 'https://registry.npmjs.org/node/-/node-8.3.0.tgz',
38 silly install resolved     _from: 'node@latest',
38 silly install resolved     readme: 'ERROR: No README data found!' } ]
39 info install node@8.3.0 into D:\Users\Chester\AppData\Roaming\npm
40 info installOne node@8.3.0
41 verbose installOne of node to D:\Users\Chester\AppData\Roaming\npm not in flight; installing
42 verbose correctMkdir D:\Users\Chester\AppData\Roaming\npm-cache\_locks correctMkdir not in flight; initializing
43 verbose lock using D:\Users\Chester\AppData\Roaming\npm-cache\_locks\node-3bb8b2aa1c23d501.lock for D:\Users\Chester\AppData\Roaming\npm\node_modules\node
44 warn engine node@8.3.0: wanted: {"npm":">=5.0.0"} (current: {"node":"4.4.7","npm":"2.15.8"})
45 silly install write writing node 8.3.0 to D:\Users\Chester\AppData\Roaming\npm\node_modules\node
46 verbose unbuild node_modules\node
47 silly gentlyRm D:\Users\Chester\AppData\Roaming\npm\node_modules\node is being purged from base D:\Users\Chester\AppData\Roaming\npm
48 verbose gentlyRm don't care about contents; nuking D:\Users\Chester\AppData\Roaming\npm\node_modules\node
49 verbose tar unpack D:\Users\Chester\AppData\Roaming\npm-cache\node\8.3.0\package.tgz
50 verbose tar unpacking to D:\Users\Chester\AppData\Roaming\npm\node_modules\node
51 silly gentlyRm D:\Users\Chester\AppData\Roaming\npm\node_modules\node is being purged
52 verbose gentlyRm don't care about contents; nuking D:\Users\Chester\AppData\Roaming\npm\node_modules\node
53 silly gunzTarPerm modes [ '777', '666' ]
54 silly gunzTarPerm extractEntry package.json
55 silly gunzTarPerm modified mode [ 'package.json', 420, 438 ]
56 silly gunzTarPerm extractEntry README.md
57 silly gunzTarPerm modified mode [ 'README.md', 420, 438 ]
58 silly gunzTarPerm extractEntry installArchSpecificPackage.js
59 silly gunzTarPerm modified mode [ 'installArchSpecificPackage.js', 420, 438 ]
60 verbose write writing to D:\Users\Chester\AppData\Roaming\npm\node_modules\node\package.json
61 info preinstall node@8.3.0
62 verbose unsafe-perm in lifecycle true
63 info node@8.3.0 Failed to exec preinstall script
64 verbose unlock done using D:\Users\Chester\AppData\Roaming\npm-cache\_locks\node-3bb8b2aa1c23d501.lock for D:\Users\Chester\AppData\Roaming\npm\node_modules\node
65 verbose stack Error: node@8.3.0 preinstall: `node installArchSpecificPackage`
65 verbose stack Exit status 1
65 verbose stack     at EventEmitter.<anonymous> (D:\Program Files\nodeJS\node_modules\npm\lib\utils\lifecycle.js:217:16)
65 verbose stack     at emitTwo (events.js:87:13)
65 verbose stack     at EventEmitter.emit (events.js:172:7)
65 verbose stack     at ChildProcess.<anonymous> (D:\Program Files\nodeJS\node_modules\npm\lib\utils\spawn.js:24:14)
65 verbose stack     at emitTwo (events.js:87:13)
65 verbose stack     at ChildProcess.emit (events.js:172:7)
65 verbose stack     at maybeClose (internal/child_process.js:827:16)
65 verbose stack     at Process.ChildProcess._handle.onexit (internal/child_process.js:211:5)
66 verbose pkgid node@8.3.0
67 verbose cwd D:\Users\Chester\WebstormProjects\Javascript Mega Project List\find_pi_to_the_nth_digit
68 error Windows_NT 10.0.15063
69 error argv "D:\\Program Files\\nodeJS\\node.exe" "D:\\Program Files\\nodeJS\\node_modules\\npm\\bin\\npm-cli.js" "install" "-g" "node"
70 error node v4.4.7
71 error npm  v2.15.8
72 error code ELIFECYCLE
73 error node@8.3.0 preinstall: `node installArchSpecificPackage`
73 error Exit status 1
74 error Failed at the node@8.3.0 preinstall script 'node installArchSpecificPackage'.
74 error This is most likely a problem with the node package,
74 error not with npm itself.
74 error Tell the author that this fails on your system:
74 error     node installArchSpecificPackage
74 error You can get information on how to open an issue for this project with:
74 error     npm bugs node
74 error Or if that isn't available, you can get their info via:
74 error
74 error     npm owner ls node
74 error There is likely additional logging output above.
75 verbose exit [ 1, true ]
76 verbose unbuild node_modules\node
77 info preuninstall node@8.3.0
78 info uninstall node@8.3.0
79 verbose unbuild rmStuff node@8.3.0 from D:\Users\Chester\AppData\Roaming\npm\node_modules
80 silly gentlyRm D:\Users\Chester\AppData\Roaming\npm\node.cmd is being gently removed
81 silly gentlyRm verifying D:\Users\Chester\AppData\Roaming\npm is an npm working directory
82 silly gentlyRm containing path D:\Users\Chester\AppData\Roaming\npm is under npm's control, in D:\Users\Chester\AppData\Roaming\npm
83 silly gentlyRm deletion target D:\Users\Chester\AppData\Roaming\npm\node.cmd is under D:\Users\Chester\AppData\Roaming\npm
84 verbose gentlyRm vacuuming from D:\Users\Chester\AppData\Roaming\npm\node.cmd up to D:\Users\Chester\AppData\Roaming\npm
85 silly gentlyRm D:\Users\Chester\AppData\Roaming\npm\node is being gently removed
86 silly gentlyRm verifying D:\Users\Chester\AppData\Roaming\npm is an npm working directory
87 silly gentlyRm containing path D:\Users\Chester\AppData\Roaming\npm is under npm's control, in D:\Users\Chester\AppData\Roaming\npm
88 silly gentlyRm deletion target D:\Users\Chester\AppData\Roaming\npm\node is under D:\Users\Chester\AppData\Roaming\npm
89 verbose gentlyRm vacuuming from D:\Users\Chester\AppData\Roaming\npm\node up to D:\Users\Chester\AppData\Roaming\npm
90 info postuninstall node@8.3.0
91 silly gentlyRm D:\Users\Chester\AppData\Roaming\npm\node_modules\node is being purged from base D:\Users\Chester\AppData\Roaming\npm
92 verbose gentlyRm don't care about contents; nuking D:\Users\Chester\AppData\Roaming\npm\node_modules\node
93 silly vacuum-fs purging D:\Users\Chester\AppData\Roaming\npm\node_modules\node
94 silly vacuum-fs quitting because other entries in D:\Users\Chester\AppData\Roaming\npm\node_modules
